The system is: Windows - 10.0.19042 - AMD64
Compiling the C compiler identification source file "CMakeCCompilerId.c" succeeded.
Compiler: C:/Program Files (x86)/Microsoft Visual Studio/2019/Community/VC/Tools/MSVC/14.28.29910/bin/Hostx64/x64/cl.exe 
Build flags: 
Id flags:  

The output was:
0
Microsoft (R) C/C++ Optimizing Compiler Version 19.28.29914 for x64
Copyright (C) Microsoft Corporation.  All rights reserved.

CMakeCCompilerId.c
Microsoft (R) Incremental Linker Version 14.28.29914.0
Copyright (C) Microsoft Corporation.  All rights reserved.

/out:CMakeCCompilerId.exe 
CMakeCCompilerId.obj 


Compilation of the C compiler identification source "CMakeCCompilerId.c" produced "CMakeCCompilerId.exe"

Compilation of the C compiler identification source "CMakeCCompilerId.c" produced "CMakeCCompilerId.obj"

The C compiler identification is MSVC, found in "C:/Users/X-ray/source/repos/usagedump/cmake-build-debug/CMakeFiles/3.19.2/CompilerIdC/CMakeCCompilerId.exe"

Compiling the CXX compiler identification source file "CMakeCXXCompilerId.cpp" succeeded.
Compiler: C:/Program Files (x86)/Microsoft Visual Studio/2019/Community/VC/Tools/MSVC/14.28.29910/bin/Hostx64/x64/cl.exe 
Build flags: 
Id flags:  

The output was:
0
Microsoft (R) C/C++ Optimizing Compiler Version 19.28.29914 for x64
Copyright (C) Microsoft Corporation.  All rights reserved.

CMakeCXXCompilerId.cpp
Microsoft (R) Incremental Linker Version 14.28.29914.0
Copyright (C) Microsoft Corporation.  All rights reserved.

/out:CMakeCXXCompilerId.exe 
CMakeCXXCompilerId.obj 


Compilation of the CXX compiler identification source "CMakeCXXCompilerId.cpp" produced "CMakeCXXCompilerId.exe"

Compilation of the CXX compiler identification source "CMakeCXXCompilerId.cpp" produced "CMakeCXXCompilerId.obj"

The CXX compiler identification is MSVC, found in "C:/Users/X-ray/source/repos/usagedump/cmake-build-debug/CMakeFiles/3.19.2/CompilerIdCXX/CMakeCXXCompilerId.exe"

Detecting C compiler ABI info compiled with the following output:
Change Dir: C:/Users/X-ray/source/repos/usagedump/cmake-build-debug/CMakeFiles/CMakeTmp

Run Build Command(s):nmake /nologo cmTC_5b7c9\fast && 	"C:\Program Files (x86)\Microsoft Visual Studio\2019\Community\VC\Tools\MSVC\14.28.29910\bin\HostX64\x64\nmake.exe"  -f CMakeFiles\cmTC_5b7c9.dir\build.make /nologo -L                  CMakeFiles\cmTC_5b7c9.dir\build
Building C object CMakeFiles/cmTC_5b7c9.dir/CMakeCCompilerABI.c.obj
	C:\PROGRA~2\MICROS~2\2019\COMMUN~1\VC\Tools\MSVC\1428~1.299\bin\Hostx64\x64\cl.exe @C:\Users\X-ray\AppData\Local\Temp\nmCFBD.tmp
CMakeCCompilerABI.c
Linking C executable cmTC_5b7c9.exe
	"C:\Program Files\JetBrains\CLion 2020.3.2\bin\cmake\win\bin\cmake.exe" -E vs_link_exe --intdir=CMakeFiles\cmTC_5b7c9.dir --rc=C:\PROGRA~2\WI3CF2~1\10\bin\100190~1.0\x64\rc.exe --mt=C:\PROGRA~2\WI3CF2~1\10\bin\100190~1.0\x64\mt.exe --manifests -- C:\PROGRA~2\MICROS~2\2019\COMMUN~1\VC\Tools\MSVC\1428~1.299\bin\Hostx64\x64\link.exe /nologo @CMakeFiles\cmTC_5b7c9.dir\objects1.rsp @C:\Users\X-ray\AppData\Local\Temp\nmD04B.tmp
	echo >nul && "C:\Program Files\PowerShell\7\pwsh.exe" -noprofile -executionpolicy Bypass -file C:/vcpkg/scripts/buildsystems/msbuild/applocal.ps1 -targetBinary C:/Users/X-ray/source/repos/usagedump/cmake-build-debug/CMakeFiles/CMakeTmp/cmTC_5b7c9.exe -installedDir C:/vcpkg/installed/x64-windows/debug/bin -OutVariable out



Detecting CXX compiler ABI info compiled with the following output:
Change Dir: C:/Users/X-ray/source/repos/usagedump/cmake-build-debug/CMakeFiles/CMakeTmp

Run Build Command(s):nmake /nologo cmTC_c348b\fast && 	"C:\Program Files (x86)\Microsoft Visual Studio\2019\Community\VC\Tools\MSVC\14.28.29910\bin\HostX64\x64\nmake.exe"  -f CMakeFiles\cmTC_c348b.dir\build.make /nologo -L                  CMakeFiles\cmTC_c348b.dir\build
Building CXX object CMakeFiles/cmTC_c348b.dir/CMakeCXXCompilerABI.cpp.obj
	C:\PROGRA~2\MICROS~2\2019\COMMUN~1\VC\Tools\MSVC\1428~1.299\bin\Hostx64\x64\cl.exe @C:\Users\X-ray\AppData\Local\Temp\nmD9D0.tmp
CMakeCXXCompilerABI.cpp
Linking CXX executable cmTC_c348b.exe
	"C:\Program Files\JetBrains\CLion 2020.3.2\bin\cmake\win\bin\cmake.exe" -E vs_link_exe --intdir=CMakeFiles\cmTC_c348b.dir --rc=C:\PROGRA~2\WI3CF2~1\10\bin\100190~1.0\x64\rc.exe --mt=C:\PROGRA~2\WI3CF2~1\10\bin\100190~1.0\x64\mt.exe --manifests -- C:\PROGRA~2\MICROS~2\2019\COMMUN~1\VC\Tools\MSVC\1428~1.299\bin\Hostx64\x64\link.exe /nologo @CMakeFiles\cmTC_c348b.dir\objects1.rsp @C:\Users\X-ray\AppData\Local\Temp\nmDA6D.tmp
	echo >nul && "C:\Program Files\PowerShell\7\pwsh.exe" -noprofile -executionpolicy Bypass -file C:/vcpkg/scripts/buildsystems/msbuild/applocal.ps1 -targetBinary C:/Users/X-ray/source/repos/usagedump/cmake-build-debug/CMakeFiles/CMakeTmp/cmTC_c348b.exe -installedDir C:/vcpkg/installed/x64-windows/debug/bin -OutVariable out



